<?xml version="1.0" encoding="UTF-8"?>
<testsuite name="TestSuite" time="29.143" tests="4" errors="0" skipped="0" failures="0">
  <properties>
[...]
</properties>
  <testcase name="signIn" classname="com.project.testcase.ApparelSearch" time="8.841"/>
  <testcase name="searchApparel" classname="com.project.testcase.ApparelSearch" time="8.188"/>
  <testcase name="searchApparel" classname="com.project.testcase.ApparelSearch" time="7.941"/>
  <testcase name="SignOut" classname="com.project.testcase.ApparelSearch" time="4.173"/>
</testsuite>